<?xml version="1.0" encoding="UTF-8"?>
<!-- Generated by org.testng.reporters.JUnitReportReporter -->
<testsuite skipped="0" hostname="DESKTOP-HLUUSUB" name="AirportTest" tests="2" failures="0" timestamp="2020-10-27T16:21:17 MSK" time="0.013" errors="0">
  <testcase name="getPassengerPlaneWithMaxCapacityTest" time="0.001" classname="AirportTest"/>
  <testcase name="airportHasAtLeastOneTransportMilitaryPlanesTest" time="0.012" classname="AirportTest"/>
</testsuite> <!-- AirportTest -->
